[06-Apr-2019 18:56:30 UTC] PHP Fatal error:  Uncaught exception 'PDOException' with message 'SQLSTATE[42000]: Syntax error or access violation: 1064 You have an error in your SQL syntax; check the manual that corresponds to your MySQL server version for the right syntax to use near '1=1' AND password = 'da39a3ee5e6b4b0d3255bfef95601890afd80709'' at line 1' in /home/ubuntu/workspace/cst336/practice/sqli/loginProcess.php:15
Stack trace:
#0 /home/ubuntu/workspace/cst336/practice/sqli/loginProcess.php(15): PDOStatement->execute()
#1 {main}
  thrown in /home/ubuntu/workspace/cst336/practice/sqli/loginProcess.php on line 15
[06-Apr-2019 18:56:57 UTC] PHP Fatal error:  Uncaught exception 'PDOException' with message 'SQLSTATE[42000]: Syntax error or access violation: 1064 You have an error in your SQL syntax; check the manual that corresponds to your MySQL server version for the right syntax to use near '' AND password = 'da39a3ee5e6b4b0d3255bfef95601890afd80709'' at line 1' in /home/ubuntu/workspace/cst336/practice/sqli/loginProcess.php:15
Stack trace:
#0 /home/ubuntu/workspace/cst336/practice/sqli/loginProcess.php(15): PDOStatement->execute()
#1 {main}
  thrown in /home/ubuntu/workspace/cst336/practice/sqli/loginProcess.php on line 15
[06-Apr-2019 18:57:06 UTC] PHP Fatal error:  Uncaught exception 'PDOException' with message 'SQLSTATE[42000]: Syntax error or access violation: 1064 You have an error in your SQL syntax; check the manual that corresponds to your MySQL server version for the right syntax to use near '1=1' AND password = 'da39a3ee5e6b4b0d3255bfef95601890afd80709'' at line 1' in /home/ubuntu/workspace/cst336/practice/sqli/loginProcess.php:15
Stack trace:
#0 /home/ubuntu/workspace/cst336/practice/sqli/loginProcess.php(15): PDOStatement->execute()
#1 {main}
  thrown in /home/ubuntu/workspace/cst336/practice/sqli/loginProcess.php on line 15
[06-Apr-2019 18:57:58 UTC] PHP Fatal error:  Uncaught exception 'PDOException' with message 'SQLSTATE[42000]: Syntax error or access violation: 1064 You have an error in your SQL syntax; check the manual that corresponds to your MySQL server version for the right syntax to use near '1=1' AND password = 'da39a3ee5e6b4b0d3255bfef95601890afd80709'' at line 1' in /home/ubuntu/workspace/cst336/practice/sqli/loginProcess.php:15
Stack trace:
#0 /home/ubuntu/workspace/cst336/practice/sqli/loginProcess.php(15): PDOStatement->execute()
#1 {main}
  thrown in /home/ubuntu/workspace/cst336/practice/sqli/loginProcess.php on line 15
[06-Apr-2019 18:59:51 UTC] PHP Fatal error:  Uncaught exception 'PDOException' with message 'SQLSTATE[42000]: Syntax error or access violation: 1064 You have an error in your SQL syntax; check the manual that corresponds to your MySQL server version for the right syntax to use near '' AND password = 'da39a3ee5e6b4b0d3255bfef95601890afd80709'' at line 1' in /home/ubuntu/workspace/cst336/practice/sqli/loginProcess.php:15
Stack trace:
#0 /home/ubuntu/workspace/cst336/practice/sqli/loginProcess.php(15): PDOStatement->execute()
#1 {main}
  thrown in /home/ubuntu/workspace/cst336/practice/sqli/loginProcess.php on line 15
[06-Apr-2019 18:59:56 UTC] PHP Fatal error:  Uncaught exception 'PDOException' with message 'SQLSTATE[42000]: Syntax error or access violation: 1064 You have an error in your SQL syntax; check the manual that corresponds to your MySQL server version for the right syntax to use near 'da39a3ee5e6b4b0d3255bfef95601890afd80709'' at line 1' in /home/ubuntu/workspace/cst336/practice/sqli/loginProcess.php:15
Stack trace:
#0 /home/ubuntu/workspace/cst336/practice/sqli/loginProcess.php(15): PDOStatement->execute()
#1 {main}
  thrown in /home/ubuntu/workspace/cst336/practice/sqli/loginProcess.php on line 15
