[23-Apr-2019 19:54:13 UTC] PHP Fatal error:  Uncaught exception 'PDOException' with message 'SQLSTATE[23000]: Integrity constraint violation: 1048 Column 'lng' cannot be null' in /home/ubuntu/workspace/cst336/hw/hw4/api/lnglat.php:12
Stack trace:
#0 /home/ubuntu/workspace/cst336/hw/hw4/api/lnglat.php(12): PDOStatement->execute(Array)
#1 {main}
  thrown in /home/ubuntu/workspace/cst336/hw/hw4/api/lnglat.php on line 12
[23-Apr-2019 19:54:20 UTC] PHP Fatal error:  Uncaught exception 'PDOException' with message 'SQLSTATE[23000]: Integrity constraint violation: 1048 Column 'lng' cannot be null' in /home/ubuntu/workspace/cst336/hw/hw4/api/lnglat.php:12
Stack trace:
#0 /home/ubuntu/workspace/cst336/hw/hw4/api/lnglat.php(12): PDOStatement->execute(Array)
#1 {main}
  thrown in /home/ubuntu/workspace/cst336/hw/hw4/api/lnglat.php on line 12
[23-Apr-2019 19:54:21 UTC] PHP Fatal error:  Uncaught exception 'PDOException' with message 'SQLSTATE[23000]: Integrity constraint violation: 1048 Column 'lng' cannot be null' in /home/ubuntu/workspace/cst336/hw/hw4/api/lnglat.php:12
Stack trace:
#0 /home/ubuntu/workspace/cst336/hw/hw4/api/lnglat.php(12): PDOStatement->execute(Array)
#1 {main}
  thrown in /home/ubuntu/workspace/cst336/hw/hw4/api/lnglat.php on line 12
[23-Apr-2019 19:54:21 UTC] PHP Fatal error:  Uncaught exception 'PDOException' with message 'SQLSTATE[23000]: Integrity constraint violation: 1048 Column 'lng' cannot be null' in /home/ubuntu/workspace/cst336/hw/hw4/api/lnglat.php:12
Stack trace:
#0 /home/ubuntu/workspace/cst336/hw/hw4/api/lnglat.php(12): PDOStatement->execute(Array)
#1 {main}
  thrown in /home/ubuntu/workspace/cst336/hw/hw4/api/lnglat.php on line 12
[23-Apr-2019 19:54:21 UTC] PHP Fatal error:  Uncaught exception 'PDOException' with message 'SQLSTATE[23000]: Integrity constraint violation: 1048 Column 'lng' cannot be null' in /home/ubuntu/workspace/cst336/hw/hw4/api/lnglat.php:12
Stack trace:
#0 /home/ubuntu/workspace/cst336/hw/hw4/api/lnglat.php(12): PDOStatement->execute(Array)
#1 {main}
  thrown in /home/ubuntu/workspace/cst336/hw/hw4/api/lnglat.php on line 12
[23-Apr-2019 19:54:21 UTC] PHP Fatal error:  Uncaught exception 'PDOException' with message 'SQLSTATE[23000]: Integrity constraint violation: 1048 Column 'lng' cannot be null' in /home/ubuntu/workspace/cst336/hw/hw4/api/lnglat.php:12
Stack trace:
#0 /home/ubuntu/workspace/cst336/hw/hw4/api/lnglat.php(12): PDOStatement->execute(Array)
#1 {main}
  thrown in /home/ubuntu/workspace/cst336/hw/hw4/api/lnglat.php on line 12
[23-Apr-2019 19:54:22 UTC] PHP Fatal error:  Uncaught exception 'PDOException' with message 'SQLSTATE[23000]: Integrity constraint violation: 1048 Column 'lng' cannot be null' in /home/ubuntu/workspace/cst336/hw/hw4/api/lnglat.php:12
Stack trace:
#0 /home/ubuntu/workspace/cst336/hw/hw4/api/lnglat.php(12): PDOStatement->execute(Array)
#1 {main}
  thrown in /home/ubuntu/workspace/cst336/hw/hw4/api/lnglat.php on line 12
[23-Apr-2019 19:54:22 UTC] PHP Fatal error:  Uncaught exception 'PDOException' with message 'SQLSTATE[23000]: Integrity constraint violation: 1048 Column 'lng' cannot be null' in /home/ubuntu/workspace/cst336/hw/hw4/api/lnglat.php:12
Stack trace:
#0 /home/ubuntu/workspace/cst336/hw/hw4/api/lnglat.php(12): PDOStatement->execute(Array)
#1 {main}
  thrown in /home/ubuntu/workspace/cst336/hw/hw4/api/lnglat.php on line 12
[23-Apr-2019 19:54:40 UTC] PHP Fatal error:  Uncaught exception 'PDOException' with message 'SQLSTATE[23000]: Integrity constraint violation: 1048 Column 'lng' cannot be null' in /home/ubuntu/workspace/cst336/hw/hw4/api/lnglat.php:12
Stack trace:
#0 /home/ubuntu/workspace/cst336/hw/hw4/api/lnglat.php(12): PDOStatement->execute(Array)
#1 {main}
  thrown in /home/ubuntu/workspace/cst336/hw/hw4/api/lnglat.php on line 12
