[22-Mar-2019 23:45:41 UTC] PHP Warning:  include(../../../inc/dbConnection.php): failed to open stream: No such file or directory in /home/ubuntu/workspace/cst336/labs/lab6/api/getCategories.php on line 2
[22-Mar-2019 23:45:41 UTC] PHP Stack trace:
[22-Mar-2019 23:45:41 UTC] PHP   1. {main}() /home/ubuntu/workspace/cst336/labs/lab6/api/getCategories.php:0
[22-Mar-2019 23:45:41 UTC] PHP Warning:  include(): Failed opening '../../../inc/dbConnection.php' for inclusion (include_path='.:/usr/share/php:/usr/share/pear') in /home/ubuntu/workspace/cst336/labs/lab6/api/getCategories.php on line 2
[22-Mar-2019 23:45:41 UTC] PHP Stack trace:
[22-Mar-2019 23:45:41 UTC] PHP   1. {main}() /home/ubuntu/workspace/cst336/labs/lab6/api/getCategories.php:0
[22-Mar-2019 23:45:41 UTC] PHP Fatal error:  Call to undefined function getDatabaseConnection() in /home/ubuntu/workspace/cst336/labs/lab6/api/getCategories.php on line 3
[22-Mar-2019 23:45:41 UTC] PHP Stack trace:
[22-Mar-2019 23:45:41 UTC] PHP   1. {main}() /home/ubuntu/workspace/cst336/labs/lab6/api/getCategories.php:0
[22-Mar-2019 23:54:54 UTC] PHP Fatal error:  Uncaught exception 'PDOException' with message 'SQLSTATE[HY000] [1044] Access denied for user 'b04c3ea880440e'@'%' to database 'ottermart'' in /home/ubuntu/workspace/cst336/labs/lab6/api/getProducts.php:9
Stack trace:
#0 /home/ubuntu/workspace/cst336/labs/lab6/api/getProducts.php(9): PDO->__construct('mysql:host=us-c...', 'b04c3ea880440e', '77573882')
#1 {main}
  thrown in /home/ubuntu/workspace/cst336/labs/lab6/api/getProducts.php on line 9
[22-Mar-2019 23:54:54 UTC] PHP Warning:  include(../../../inc/dbConnection.php): failed to open stream: No such file or directory in /home/ubuntu/workspace/cst336/labs/lab6/api/getCategories.php on line 2
[22-Mar-2019 23:54:54 UTC] PHP Stack trace:
[22-Mar-2019 23:54:54 UTC] PHP   1. {main}() /home/ubuntu/workspace/cst336/labs/lab6/api/getCategories.php:0
[22-Mar-2019 23:54:54 UTC] PHP Warning:  include(): Failed opening '../../../inc/dbConnection.php' for inclusion (include_path='.:/usr/share/php:/usr/share/pear') in /home/ubuntu/workspace/cst336/labs/lab6/api/getCategories.php on line 2
[22-Mar-2019 23:54:54 UTC] PHP Stack trace:
[22-Mar-2019 23:54:54 UTC] PHP   1. {main}() /home/ubuntu/workspace/cst336/labs/lab6/api/getCategories.php:0
[22-Mar-2019 23:54:54 UTC] PHP Fatal error:  Call to undefined function getDatabaseConnection() in /home/ubuntu/workspace/cst336/labs/lab6/api/getCategories.php on line 3
[22-Mar-2019 23:54:54 UTC] PHP Stack trace:
[22-Mar-2019 23:54:54 UTC] PHP   1. {main}() /home/ubuntu/workspace/cst336/labs/lab6/api/getCategories.php:0
[22-Mar-2019 23:56:25 UTC] PHP Warning:  include(../../../inc/dbConnection.php): failed to open stream: No such file or directory in /home/ubuntu/workspace/cst336/labs/lab6/api/getCategories.php on line 2
[22-Mar-2019 23:56:25 UTC] PHP Stack trace:
[22-Mar-2019 23:56:25 UTC] PHP   1. {main}() /home/ubuntu/workspace/cst336/labs/lab6/api/getCategories.php:0
[22-Mar-2019 23:56:25 UTC] PHP Warning:  include(): Failed opening '../../../inc/dbConnection.php' for inclusion (include_path='.:/usr/share/php:/usr/share/pear') in /home/ubuntu/workspace/cst336/labs/lab6/api/getCategories.php on line 2
[22-Mar-2019 23:56:25 UTC] PHP Stack trace:
[22-Mar-2019 23:56:25 UTC] PHP   1. {main}() /home/ubuntu/workspace/cst336/labs/lab6/api/getCategories.php:0
[22-Mar-2019 23:56:25 UTC] PHP Fatal error:  Call to undefined function getDatabaseConnection() in /home/ubuntu/workspace/cst336/labs/lab6/api/getCategories.php on line 3
[22-Mar-2019 23:56:25 UTC] PHP Stack trace:
[22-Mar-2019 23:56:25 UTC] PHP   1. {main}() /home/ubuntu/workspace/cst336/labs/lab6/api/getCategories.php:0
[23-Mar-2019 21:09:34 UTC] PHP Warning:  include(../../../inc/dbConnection.php): failed to open stream: No such file or directory in /home/ubuntu/workspace/cst336/labs/lab6/api/getSearchResults.php on line 3
[23-Mar-2019 21:09:34 UTC] PHP Stack trace:
[23-Mar-2019 21:09:34 UTC] PHP   1. {main}() /home/ubuntu/workspace/cst336/labs/lab6/api/getSearchResults.php:0
[23-Mar-2019 21:09:34 UTC] PHP Warning:  include(): Failed opening '../../../inc/dbConnection.php' for inclusion (include_path='.:/usr/share/php:/usr/share/pear') in /home/ubuntu/workspace/cst336/labs/lab6/api/getSearchResults.php on line 3
[23-Mar-2019 21:09:34 UTC] PHP Stack trace:
[23-Mar-2019 21:09:34 UTC] PHP   1. {main}() /home/ubuntu/workspace/cst336/labs/lab6/api/getSearchResults.php:0
[23-Mar-2019 21:09:34 UTC] PHP Fatal error:  Call to undefined function getDatabaseConnection() in /home/ubuntu/workspace/cst336/labs/lab6/api/getSearchResults.php on line 5
[23-Mar-2019 21:09:34 UTC] PHP Stack trace:
[23-Mar-2019 21:09:34 UTC] PHP   1. {main}() /home/ubuntu/workspace/cst336/labs/lab6/api/getSearchResults.php:0
[23-Mar-2019 21:09:35 UTC] PHP Warning:  include(../../../inc/dbConnection.php): failed to open stream: No such file or directory in /home/ubuntu/workspace/cst336/labs/lab6/api/getSearchResults.php on line 3
[23-Mar-2019 21:09:35 UTC] PHP Stack trace:
[23-Mar-2019 21:09:35 UTC] PHP   1. {main}() /home/ubuntu/workspace/cst336/labs/lab6/api/getSearchResults.php:0
[23-Mar-2019 21:09:35 UTC] PHP Warning:  include(): Failed opening '../../../inc/dbConnection.php' for inclusion (include_path='.:/usr/share/php:/usr/share/pear') in /home/ubuntu/workspace/cst336/labs/lab6/api/getSearchResults.php on line 3
[23-Mar-2019 21:09:35 UTC] PHP Stack trace:
[23-Mar-2019 21:09:35 UTC] PHP   1. {main}() /home/ubuntu/workspace/cst336/labs/lab6/api/getSearchResults.php:0
[23-Mar-2019 21:09:35 UTC] PHP Fatal error:  Call to undefined function getDatabaseConnection() in /home/ubuntu/workspace/cst336/labs/lab6/api/getSearchResults.php on line 5
[23-Mar-2019 21:09:35 UTC] PHP Stack trace:
[23-Mar-2019 21:09:35 UTC] PHP   1. {main}() /home/ubuntu/workspace/cst336/labs/lab6/api/getSearchResults.php:0
[23-Mar-2019 21:09:36 UTC] PHP Warning:  include(../../../inc/dbConnection.php): failed to open stream: No such file or directory in /home/ubuntu/workspace/cst336/labs/lab6/api/getSearchResults.php on line 3
[23-Mar-2019 21:09:36 UTC] PHP Stack trace:
[23-Mar-2019 21:09:36 UTC] PHP   1. {main}() /home/ubuntu/workspace/cst336/labs/lab6/api/getSearchResults.php:0
[23-Mar-2019 21:09:36 UTC] PHP Warning:  include(): Failed opening '../../../inc/dbConnection.php' for inclusion (include_path='.:/usr/share/php:/usr/share/pear') in /home/ubuntu/workspace/cst336/labs/lab6/api/getSearchResults.php on line 3
[23-Mar-2019 21:09:36 UTC] PHP Stack trace:
[23-Mar-2019 21:09:36 UTC] PHP   1. {main}() /home/ubuntu/workspace/cst336/labs/lab6/api/getSearchResults.php:0
[23-Mar-2019 21:09:36 UTC] PHP Fatal error:  Call to undefined function getDatabaseConnection() in /home/ubuntu/workspace/cst336/labs/lab6/api/getSearchResults.php on line 5
[23-Mar-2019 21:09:36 UTC] PHP Stack trace:
[23-Mar-2019 21:09:36 UTC] PHP   1. {main}() /home/ubuntu/workspace/cst336/labs/lab6/api/getSearchResults.php:0
[23-Mar-2019 21:09:36 UTC] PHP Warning:  include(../../../inc/dbConnection.php): failed to open stream: No such file or directory in /home/ubuntu/workspace/cst336/labs/lab6/api/getSearchResults.php on line 3
[23-Mar-2019 21:09:36 UTC] PHP Stack trace:
[23-Mar-2019 21:09:36 UTC] PHP   1. {main}() /home/ubuntu/workspace/cst336/labs/lab6/api/getSearchResults.php:0
[23-Mar-2019 21:09:36 UTC] PHP Warning:  include(): Failed opening '../../../inc/dbConnection.php' for inclusion (include_path='.:/usr/share/php:/usr/share/pear') in /home/ubuntu/workspace/cst336/labs/lab6/api/getSearchResults.php on line 3
[23-Mar-2019 21:09:36 UTC] PHP Stack trace:
[23-Mar-2019 21:09:36 UTC] PHP   1. {main}() /home/ubuntu/workspace/cst336/labs/lab6/api/getSearchResults.php:0
[23-Mar-2019 21:09:36 UTC] PHP Fatal error:  Call to undefined function getDatabaseConnection() in /home/ubuntu/workspace/cst336/labs/lab6/api/getSearchResults.php on line 5
[23-Mar-2019 21:09:36 UTC] PHP Stack trace:
[23-Mar-2019 21:09:36 UTC] PHP   1. {main}() /home/ubuntu/workspace/cst336/labs/lab6/api/getSearchResults.php:0
[23-Mar-2019 21:09:36 UTC] PHP Warning:  include(../../../inc/dbConnection.php): failed to open stream: No such file or directory in /home/ubuntu/workspace/cst336/labs/lab6/api/getSearchResults.php on line 3
[23-Mar-2019 21:09:36 UTC] PHP Stack trace:
[23-Mar-2019 21:09:36 UTC] PHP   1. {main}() /home/ubuntu/workspace/cst336/labs/lab6/api/getSearchResults.php:0
[23-Mar-2019 21:09:36 UTC] PHP Warning:  include(): Failed opening '../../../inc/dbConnection.php' for inclusion (include_path='.:/usr/share/php:/usr/share/pear') in /home/ubuntu/workspace/cst336/labs/lab6/api/getSearchResults.php on line 3
[23-Mar-2019 21:09:36 UTC] PHP Stack trace:
[23-Mar-2019 21:09:36 UTC] PHP   1. {main}() /home/ubuntu/workspace/cst336/labs/lab6/api/getSearchResults.php:0
[23-Mar-2019 21:09:36 UTC] PHP Fatal error:  Call to undefined function getDatabaseConnection() in /home/ubuntu/workspace/cst336/labs/lab6/api/getSearchResults.php on line 5
[23-Mar-2019 21:09:36 UTC] PHP Stack trace:
[23-Mar-2019 21:09:36 UTC] PHP   1. {main}() /home/ubuntu/workspace/cst336/labs/lab6/api/getSearchResults.php:0
[23-Mar-2019 21:09:36 UTC] PHP Warning:  include(../../../inc/dbConnection.php): failed to open stream: No such file or directory in /home/ubuntu/workspace/cst336/labs/lab6/api/getSearchResults.php on line 3
[23-Mar-2019 21:09:36 UTC] PHP Stack trace:
[23-Mar-2019 21:09:36 UTC] PHP   1. {main}() /home/ubuntu/workspace/cst336/labs/lab6/api/getSearchResults.php:0
[23-Mar-2019 21:09:36 UTC] PHP Warning:  include(): Failed opening '../../../inc/dbConnection.php' for inclusion (include_path='.:/usr/share/php:/usr/share/pear') in /home/ubuntu/workspace/cst336/labs/lab6/api/getSearchResults.php on line 3
[23-Mar-2019 21:09:36 UTC] PHP Stack trace:
[23-Mar-2019 21:09:36 UTC] PHP   1. {main}() /home/ubuntu/workspace/cst336/labs/lab6/api/getSearchResults.php:0
[23-Mar-2019 21:09:36 UTC] PHP Fatal error:  Call to undefined function getDatabaseConnection() in /home/ubuntu/workspace/cst336/labs/lab6/api/getSearchResults.php on line 5
[23-Mar-2019 21:09:36 UTC] PHP Stack trace:
[23-Mar-2019 21:09:36 UTC] PHP   1. {main}() /home/ubuntu/workspace/cst336/labs/lab6/api/getSearchResults.php:0
[23-Mar-2019 21:09:36 UTC] PHP Warning:  include(../../../inc/dbConnection.php): failed to open stream: No such file or directory in /home/ubuntu/workspace/cst336/labs/lab6/api/getSearchResults.php on line 3
[23-Mar-2019 21:09:36 UTC] PHP Stack trace:
[23-Mar-2019 21:09:36 UTC] PHP   1. {main}() /home/ubuntu/workspace/cst336/labs/lab6/api/getSearchResults.php:0
[23-Mar-2019 21:09:36 UTC] PHP Warning:  include(): Failed opening '../../../inc/dbConnection.php' for inclusion (include_path='.:/usr/share/php:/usr/share/pear') in /home/ubuntu/workspace/cst336/labs/lab6/api/getSearchResults.php on line 3
[23-Mar-2019 21:09:36 UTC] PHP Stack trace:
[23-Mar-2019 21:09:36 UTC] PHP   1. {main}() /home/ubuntu/workspace/cst336/labs/lab6/api/getSearchResults.php:0
[23-Mar-2019 21:09:36 UTC] PHP Fatal error:  Call to undefined function getDatabaseConnection() in /home/ubuntu/workspace/cst336/labs/lab6/api/getSearchResults.php on line 5
[23-Mar-2019 21:09:36 UTC] PHP Stack trace:
[23-Mar-2019 21:09:36 UTC] PHP   1. {main}() /home/ubuntu/workspace/cst336/labs/lab6/api/getSearchResults.php:0
[23-Mar-2019 21:09:42 UTC] PHP Warning:  include(../../../inc/dbConnection.php): failed to open stream: No such file or directory in /home/ubuntu/workspace/cst336/labs/lab6/api/getSearchResults.php on line 3
[23-Mar-2019 21:09:42 UTC] PHP Stack trace:
[23-Mar-2019 21:09:42 UTC] PHP   1. {main}() /home/ubuntu/workspace/cst336/labs/lab6/api/getSearchResults.php:0
[23-Mar-2019 21:09:42 UTC] PHP Warning:  include(): Failed opening '../../../inc/dbConnection.php' for inclusion (include_path='.:/usr/share/php:/usr/share/pear') in /home/ubuntu/workspace/cst336/labs/lab6/api/getSearchResults.php on line 3
[23-Mar-2019 21:09:42 UTC] PHP Stack trace:
[23-Mar-2019 21:09:42 UTC] PHP   1. {main}() /home/ubuntu/workspace/cst336/labs/lab6/api/getSearchResults.php:0
[23-Mar-2019 21:09:42 UTC] PHP Fatal error:  Call to undefined function getDatabaseConnection() in /home/ubuntu/workspace/cst336/labs/lab6/api/getSearchResults.php on line 5
[23-Mar-2019 21:09:42 UTC] PHP Stack trace:
[23-Mar-2019 21:09:42 UTC] PHP   1. {main}() /home/ubuntu/workspace/cst336/labs/lab6/api/getSearchResults.php:0
[23-Mar-2019 21:09:42 UTC] PHP Warning:  include(../../../inc/dbConnection.php): failed to open stream: No such file or directory in /home/ubuntu/workspace/cst336/labs/lab6/api/getSearchResults.php on line 3
[23-Mar-2019 21:09:42 UTC] PHP Stack trace:
[23-Mar-2019 21:09:42 UTC] PHP   1. {main}() /home/ubuntu/workspace/cst336/labs/lab6/api/getSearchResults.php:0
[23-Mar-2019 21:09:42 UTC] PHP Warning:  include(): Failed opening '../../../inc/dbConnection.php' for inclusion (include_path='.:/usr/share/php:/usr/share/pear') in /home/ubuntu/workspace/cst336/labs/lab6/api/getSearchResults.php on line 3
[23-Mar-2019 21:09:42 UTC] PHP Stack trace:
[23-Mar-2019 21:09:42 UTC] PHP   1. {main}() /home/ubuntu/workspace/cst336/labs/lab6/api/getSearchResults.php:0
[23-Mar-2019 21:09:42 UTC] PHP Fatal error:  Call to undefined function getDatabaseConnection() in /home/ubuntu/workspace/cst336/labs/lab6/api/getSearchResults.php on line 5
[23-Mar-2019 21:09:42 UTC] PHP Stack trace:
[23-Mar-2019 21:09:42 UTC] PHP   1. {main}() /home/ubuntu/workspace/cst336/labs/lab6/api/getSearchResults.php:0
[23-Mar-2019 21:09:42 UTC] PHP Warning:  include(../../../inc/dbConnection.php): failed to open stream: No such file or directory in /home/ubuntu/workspace/cst336/labs/lab6/api/getSearchResults.php on line 3
[23-Mar-2019 21:09:42 UTC] PHP Stack trace:
[23-Mar-2019 21:09:42 UTC] PHP   1. {main}() /home/ubuntu/workspace/cst336/labs/lab6/api/getSearchResults.php:0
[23-Mar-2019 21:09:42 UTC] PHP Warning:  include(): Failed opening '../../../inc/dbConnection.php' for inclusion (include_path='.:/usr/share/php:/usr/share/pear') in /home/ubuntu/workspace/cst336/labs/lab6/api/getSearchResults.php on line 3
[23-Mar-2019 21:09:42 UTC] PHP Stack trace:
[23-Mar-2019 21:09:42 UTC] PHP   1. {main}() /home/ubuntu/workspace/cst336/labs/lab6/api/getSearchResults.php:0
[23-Mar-2019 21:09:42 UTC] PHP Fatal error:  Call to undefined function getDatabaseConnection() in /home/ubuntu/workspace/cst336/labs/lab6/api/getSearchResults.php on line 5
[23-Mar-2019 21:09:42 UTC] PHP Stack trace:
[23-Mar-2019 21:09:42 UTC] PHP   1. {main}() /home/ubuntu/workspace/cst336/labs/lab6/api/getSearchResults.php:0
[23-Mar-2019 21:09:42 UTC] PHP Warning:  include(../../../inc/dbConnection.php): failed to open stream: No such file or directory in /home/ubuntu/workspace/cst336/labs/lab6/api/getSearchResults.php on line 3
[23-Mar-2019 21:09:42 UTC] PHP Stack trace:
[23-Mar-2019 21:09:42 UTC] PHP   1. {main}() /home/ubuntu/workspace/cst336/labs/lab6/api/getSearchResults.php:0
[23-Mar-2019 21:09:42 UTC] PHP Warning:  include(): Failed opening '../../../inc/dbConnection.php' for inclusion (include_path='.:/usr/share/php:/usr/share/pear') in /home/ubuntu/workspace/cst336/labs/lab6/api/getSearchResults.php on line 3
[23-Mar-2019 21:09:42 UTC] PHP Stack trace:
[23-Mar-2019 21:09:42 UTC] PHP   1. {main}() /home/ubuntu/workspace/cst336/labs/lab6/api/getSearchResults.php:0
[23-Mar-2019 21:09:42 UTC] PHP Fatal error:  Call to undefined function getDatabaseConnection() in /home/ubuntu/workspace/cst336/labs/lab6/api/getSearchResults.php on line 5
[23-Mar-2019 21:09:42 UTC] PHP Stack trace:
[23-Mar-2019 21:09:42 UTC] PHP   1. {main}() /home/ubuntu/workspace/cst336/labs/lab6/api/getSearchResults.php:0
[23-Mar-2019 21:09:43 UTC] PHP Warning:  include(../../../inc/dbConnection.php): failed to open stream: No such file or directory in /home/ubuntu/workspace/cst336/labs/lab6/api/getSearchResults.php on line 3
[23-Mar-2019 21:09:43 UTC] PHP Stack trace:
[23-Mar-2019 21:09:43 UTC] PHP   1. {main}() /home/ubuntu/workspace/cst336/labs/lab6/api/getSearchResults.php:0
[23-Mar-2019 21:09:43 UTC] PHP Warning:  include(): Failed opening '../../../inc/dbConnection.php' for inclusion (include_path='.:/usr/share/php:/usr/share/pear') in /home/ubuntu/workspace/cst336/labs/lab6/api/getSearchResults.php on line 3
[23-Mar-2019 21:09:43 UTC] PHP Stack trace:
[23-Mar-2019 21:09:43 UTC] PHP   1. {main}() /home/ubuntu/workspace/cst336/labs/lab6/api/getSearchResults.php:0
[23-Mar-2019 21:09:43 UTC] PHP Fatal error:  Call to undefined function getDatabaseConnection() in /home/ubuntu/workspace/cst336/labs/lab6/api/getSearchResults.php on line 5
[23-Mar-2019 21:09:43 UTC] PHP Stack trace:
[23-Mar-2019 21:09:43 UTC] PHP   1. {main}() /home/ubuntu/workspace/cst336/labs/lab6/api/getSearchResults.php:0
[23-Mar-2019 21:09:43 UTC] PHP Warning:  include(../../../inc/dbConnection.php): failed to open stream: No such file or directory in /home/ubuntu/workspace/cst336/labs/lab6/api/getSearchResults.php on line 3
[23-Mar-2019 21:09:43 UTC] PHP Stack trace:
[23-Mar-2019 21:09:43 UTC] PHP   1. {main}() /home/ubuntu/workspace/cst336/labs/lab6/api/getSearchResults.php:0
[23-Mar-2019 21:09:43 UTC] PHP Warning:  include(): Failed opening '../../../inc/dbConnection.php' for inclusion (include_path='.:/usr/share/php:/usr/share/pear') in /home/ubuntu/workspace/cst336/labs/lab6/api/getSearchResults.php on line 3
[23-Mar-2019 21:09:43 UTC] PHP Stack trace:
[23-Mar-2019 21:09:43 UTC] PHP   1. {main}() /home/ubuntu/workspace/cst336/labs/lab6/api/getSearchResults.php:0
[23-Mar-2019 21:09:43 UTC] PHP Fatal error:  Call to undefined function getDatabaseConnection() in /home/ubuntu/workspace/cst336/labs/lab6/api/getSearchResults.php on line 5
[23-Mar-2019 21:09:43 UTC] PHP Stack trace:
[23-Mar-2019 21:09:43 UTC] PHP   1. {main}() /home/ubuntu/workspace/cst336/labs/lab6/api/getSearchResults.php:0
[23-Mar-2019 21:09:43 UTC] PHP Warning:  include(../../../inc/dbConnection.php): failed to open stream: No such file or directory in /home/ubuntu/workspace/cst336/labs/lab6/api/getSearchResults.php on line 3
[23-Mar-2019 21:09:43 UTC] PHP Stack trace:
[23-Mar-2019 21:09:43 UTC] PHP   1. {main}() /home/ubuntu/workspace/cst336/labs/lab6/api/getSearchResults.php:0
[23-Mar-2019 21:09:43 UTC] PHP Warning:  include(): Failed opening '../../../inc/dbConnection.php' for inclusion (include_path='.:/usr/share/php:/usr/share/pear') in /home/ubuntu/workspace/cst336/labs/lab6/api/getSearchResults.php on line 3
[23-Mar-2019 21:09:43 UTC] PHP Stack trace:
[23-Mar-2019 21:09:43 UTC] PHP   1. {main}() /home/ubuntu/workspace/cst336/labs/lab6/api/getSearchResults.php:0
[23-Mar-2019 21:09:43 UTC] PHP Fatal error:  Call to undefined function getDatabaseConnection() in /home/ubuntu/workspace/cst336/labs/lab6/api/getSearchResults.php on line 5
[23-Mar-2019 21:09:43 UTC] PHP Stack trace:
[23-Mar-2019 21:09:43 UTC] PHP   1. {main}() /home/ubuntu/workspace/cst336/labs/lab6/api/getSearchResults.php:0
[23-Mar-2019 21:09:43 UTC] PHP Warning:  include(../../../inc/dbConnection.php): failed to open stream: No such file or directory in /home/ubuntu/workspace/cst336/labs/lab6/api/getSearchResults.php on line 3
[23-Mar-2019 21:09:43 UTC] PHP Stack trace:
[23-Mar-2019 21:09:43 UTC] PHP   1. {main}() /home/ubuntu/workspace/cst336/labs/lab6/api/getSearchResults.php:0
[23-Mar-2019 21:09:43 UTC] PHP Warning:  include(): Failed opening '../../../inc/dbConnection.php' for inclusion (include_path='.:/usr/share/php:/usr/share/pear') in /home/ubuntu/workspace/cst336/labs/lab6/api/getSearchResults.php on line 3
[23-Mar-2019 21:09:43 UTC] PHP Stack trace:
[23-Mar-2019 21:09:43 UTC] PHP   1. {main}() /home/ubuntu/workspace/cst336/labs/lab6/api/getSearchResults.php:0
[23-Mar-2019 21:09:43 UTC] PHP Fatal error:  Call to undefined function getDatabaseConnection() in /home/ubuntu/workspace/cst336/labs/lab6/api/getSearchResults.php on line 5
[23-Mar-2019 21:09:43 UTC] PHP Stack trace:
[23-Mar-2019 21:09:43 UTC] PHP   1. {main}() /home/ubuntu/workspace/cst336/labs/lab6/api/getSearchResults.php:0
[23-Mar-2019 21:09:43 UTC] PHP Warning:  include(../../../inc/dbConnection.php): failed to open stream: No such file or directory in /home/ubuntu/workspace/cst336/labs/lab6/api/getSearchResults.php on line 3
[23-Mar-2019 21:09:43 UTC] PHP Stack trace:
[23-Mar-2019 21:09:43 UTC] PHP   1. {main}() /home/ubuntu/workspace/cst336/labs/lab6/api/getSearchResults.php:0
[23-Mar-2019 21:09:43 UTC] PHP Warning:  include(): Failed opening '../../../inc/dbConnection.php' for inclusion (include_path='.:/usr/share/php:/usr/share/pear') in /home/ubuntu/workspace/cst336/labs/lab6/api/getSearchResults.php on line 3
[23-Mar-2019 21:09:43 UTC] PHP Stack trace:
[23-Mar-2019 21:09:43 UTC] PHP   1. {main}() /home/ubuntu/workspace/cst336/labs/lab6/api/getSearchResults.php:0
[23-Mar-2019 21:09:43 UTC] PHP Fatal error:  Call to undefined function getDatabaseConnection() in /home/ubuntu/workspace/cst336/labs/lab6/api/getSearchResults.php on line 5
[23-Mar-2019 21:09:43 UTC] PHP Stack trace:
[23-Mar-2019 21:09:43 UTC] PHP   1. {main}() /home/ubuntu/workspace/cst336/labs/lab6/api/getSearchResults.php:0
[23-Mar-2019 21:09:45 UTC] PHP Warning:  include(../../../inc/dbConnection.php): failed to open stream: No such file or directory in /home/ubuntu/workspace/cst336/labs/lab6/api/getSearchResults.php on line 3
[23-Mar-2019 21:09:45 UTC] PHP Stack trace:
[23-Mar-2019 21:09:45 UTC] PHP   1. {main}() /home/ubuntu/workspace/cst336/labs/lab6/api/getSearchResults.php:0
[23-Mar-2019 21:09:45 UTC] PHP Warning:  include(): Failed opening '../../../inc/dbConnection.php' for inclusion (include_path='.:/usr/share/php:/usr/share/pear') in /home/ubuntu/workspace/cst336/labs/lab6/api/getSearchResults.php on line 3
[23-Mar-2019 21:09:45 UTC] PHP Stack trace:
[23-Mar-2019 21:09:45 UTC] PHP   1. {main}() /home/ubuntu/workspace/cst336/labs/lab6/api/getSearchResults.php:0
[23-Mar-2019 21:09:45 UTC] PHP Fatal error:  Call to undefined function getDatabaseConnection() in /home/ubuntu/workspace/cst336/labs/lab6/api/getSearchResults.php on line 5
[23-Mar-2019 21:09:45 UTC] PHP Stack trace:
[23-Mar-2019 21:09:45 UTC] PHP   1. {main}() /home/ubuntu/workspace/cst336/labs/lab6/api/getSearchResults.php:0
[23-Mar-2019 21:09:45 UTC] PHP Warning:  include(../../../inc/dbConnection.php): failed to open stream: No such file or directory in /home/ubuntu/workspace/cst336/labs/lab6/api/getSearchResults.php on line 3
[23-Mar-2019 21:09:45 UTC] PHP Stack trace:
[23-Mar-2019 21:09:45 UTC] PHP   1. {main}() /home/ubuntu/workspace/cst336/labs/lab6/api/getSearchResults.php:0
[23-Mar-2019 21:09:45 UTC] PHP Warning:  include(): Failed opening '../../../inc/dbConnection.php' for inclusion (include_path='.:/usr/share/php:/usr/share/pear') in /home/ubuntu/workspace/cst336/labs/lab6/api/getSearchResults.php on line 3
[23-Mar-2019 21:09:45 UTC] PHP Stack trace:
[23-Mar-2019 21:09:45 UTC] PHP   1. {main}() /home/ubuntu/workspace/cst336/labs/lab6/api/getSearchResults.php:0
[23-Mar-2019 21:09:45 UTC] PHP Fatal error:  Call to undefined function getDatabaseConnection() in /home/ubuntu/workspace/cst336/labs/lab6/api/getSearchResults.php on line 5
[23-Mar-2019 21:09:45 UTC] PHP Stack trace:
[23-Mar-2019 21:09:45 UTC] PHP   1. {main}() /home/ubuntu/workspace/cst336/labs/lab6/api/getSearchResults.php:0
[23-Mar-2019 21:09:45 UTC] PHP Warning:  include(../../../inc/dbConnection.php): failed to open stream: No such file or directory in /home/ubuntu/workspace/cst336/labs/lab6/api/getSearchResults.php on line 3
[23-Mar-2019 21:09:45 UTC] PHP Stack trace:
[23-Mar-2019 21:09:45 UTC] PHP   1. {main}() /home/ubuntu/workspace/cst336/labs/lab6/api/getSearchResults.php:0
[23-Mar-2019 21:09:45 UTC] PHP Warning:  include(): Failed opening '../../../inc/dbConnection.php' for inclusion (include_path='.:/usr/share/php:/usr/share/pear') in /home/ubuntu/workspace/cst336/labs/lab6/api/getSearchResults.php on line 3
[23-Mar-2019 21:09:45 UTC] PHP Stack trace:
[23-Mar-2019 21:09:45 UTC] PHP   1. {main}() /home/ubuntu/workspace/cst336/labs/lab6/api/getSearchResults.php:0
[23-Mar-2019 21:09:45 UTC] PHP Fatal error:  Call to undefined function getDatabaseConnection() in /home/ubuntu/workspace/cst336/labs/lab6/api/getSearchResults.php on line 5
[23-Mar-2019 21:09:45 UTC] PHP Stack trace:
[23-Mar-2019 21:09:45 UTC] PHP   1. {main}() /home/ubuntu/workspace/cst336/labs/lab6/api/getSearchResults.php:0
[23-Mar-2019 21:09:46 UTC] PHP Warning:  include(../../../inc/dbConnection.php): failed to open stream: No such file or directory in /home/ubuntu/workspace/cst336/labs/lab6/api/getSearchResults.php on line 3
[23-Mar-2019 21:09:46 UTC] PHP Stack trace:
[23-Mar-2019 21:09:46 UTC] PHP   1. {main}() /home/ubuntu/workspace/cst336/labs/lab6/api/getSearchResults.php:0
[23-Mar-2019 21:09:46 UTC] PHP Warning:  include(): Failed opening '../../../inc/dbConnection.php' for inclusion (include_path='.:/usr/share/php:/usr/share/pear') in /home/ubuntu/workspace/cst336/labs/lab6/api/getSearchResults.php on line 3
[23-Mar-2019 21:09:46 UTC] PHP Stack trace:
[23-Mar-2019 21:09:46 UTC] PHP   1. {main}() /home/ubuntu/workspace/cst336/labs/lab6/api/getSearchResults.php:0
[23-Mar-2019 21:09:46 UTC] PHP Fatal error:  Call to undefined function getDatabaseConnection() in /home/ubuntu/workspace/cst336/labs/lab6/api/getSearchResults.php on line 5
[23-Mar-2019 21:09:46 UTC] PHP Stack trace:
[23-Mar-2019 21:09:46 UTC] PHP   1. {main}() /home/ubuntu/workspace/cst336/labs/lab6/api/getSearchResults.php:0
[23-Mar-2019 21:09:46 UTC] PHP Warning:  include(../../../inc/dbConnection.php): failed to open stream: No such file or directory in /home/ubuntu/workspace/cst336/labs/lab6/api/getSearchResults.php on line 3
[23-Mar-2019 21:09:46 UTC] PHP Stack trace:
[23-Mar-2019 21:09:46 UTC] PHP   1. {main}() /home/ubuntu/workspace/cst336/labs/lab6/api/getSearchResults.php:0
[23-Mar-2019 21:09:46 UTC] PHP Warning:  include(): Failed opening '../../../inc/dbConnection.php' for inclusion (include_path='.:/usr/share/php:/usr/share/pear') in /home/ubuntu/workspace/cst336/labs/lab6/api/getSearchResults.php on line 3
[23-Mar-2019 21:09:46 UTC] PHP Stack trace:
[23-Mar-2019 21:09:46 UTC] PHP   1. {main}() /home/ubuntu/workspace/cst336/labs/lab6/api/getSearchResults.php:0
[23-Mar-2019 21:09:46 UTC] PHP Fatal error:  Call to undefined function getDatabaseConnection() in /home/ubuntu/workspace/cst336/labs/lab6/api/getSearchResults.php on line 5
[23-Mar-2019 21:09:46 UTC] PHP Stack trace:
[23-Mar-2019 21:09:46 UTC] PHP   1. {main}() /home/ubuntu/workspace/cst336/labs/lab6/api/getSearchResults.php:0
[23-Mar-2019 21:09:46 UTC] PHP Warning:  include(../../../inc/dbConnection.php): failed to open stream: No such file or directory in /home/ubuntu/workspace/cst336/labs/lab6/api/getSearchResults.php on line 3
[23-Mar-2019 21:09:46 UTC] PHP Stack trace:
[23-Mar-2019 21:09:46 UTC] PHP   1. {main}() /home/ubuntu/workspace/cst336/labs/lab6/api/getSearchResults.php:0
[23-Mar-2019 21:09:46 UTC] PHP Warning:  include(): Failed opening '../../../inc/dbConnection.php' for inclusion (include_path='.:/usr/share/php:/usr/share/pear') in /home/ubuntu/workspace/cst336/labs/lab6/api/getSearchResults.php on line 3
[23-Mar-2019 21:09:46 UTC] PHP Stack trace:
[23-Mar-2019 21:09:46 UTC] PHP   1. {main}() /home/ubuntu/workspace/cst336/labs/lab6/api/getSearchResults.php:0
[23-Mar-2019 21:09:46 UTC] PHP Fatal error:  Call to undefined function getDatabaseConnection() in /home/ubuntu/workspace/cst336/labs/lab6/api/getSearchResults.php on line 5
[23-Mar-2019 21:09:46 UTC] PHP Stack trace:
[23-Mar-2019 21:09:46 UTC] PHP   1. {main}() /home/ubuntu/workspace/cst336/labs/lab6/api/getSearchResults.php:0
[23-Mar-2019 21:09:47 UTC] PHP Warning:  include(../../../inc/dbConnection.php): failed to open stream: No such file or directory in /home/ubuntu/workspace/cst336/labs/lab6/api/getSearchResults.php on line 3
[23-Mar-2019 21:09:47 UTC] PHP Stack trace:
[23-Mar-2019 21:09:47 UTC] PHP   1. {main}() /home/ubuntu/workspace/cst336/labs/lab6/api/getSearchResults.php:0
[23-Mar-2019 21:09:47 UTC] PHP Warning:  include(): Failed opening '../../../inc/dbConnection.php' for inclusion (include_path='.:/usr/share/php:/usr/share/pear') in /home/ubuntu/workspace/cst336/labs/lab6/api/getSearchResults.php on line 3
[23-Mar-2019 21:09:47 UTC] PHP Stack trace:
[23-Mar-2019 21:09:47 UTC] PHP   1. {main}() /home/ubuntu/workspace/cst336/labs/lab6/api/getSearchResults.php:0
[23-Mar-2019 21:09:47 UTC] PHP Fatal error:  Call to undefined function getDatabaseConnection() in /home/ubuntu/workspace/cst336/labs/lab6/api/getSearchResults.php on line 5
[23-Mar-2019 21:09:47 UTC] PHP Stack trace:
[23-Mar-2019 21:09:47 UTC] PHP   1. {main}() /home/ubuntu/workspace/cst336/labs/lab6/api/getSearchResults.php:0
[23-Mar-2019 21:10:01 UTC] PHP Warning:  include(../../../inc/dbConnection.php): failed to open stream: No such file or directory in /home/ubuntu/workspace/cst336/labs/lab6/api/getSearchResults.php on line 3
[23-Mar-2019 21:10:01 UTC] PHP Stack trace:
[23-Mar-2019 21:10:01 UTC] PHP   1. {main}() /home/ubuntu/workspace/cst336/labs/lab6/api/getSearchResults.php:0
[23-Mar-2019 21:10:01 UTC] PHP Warning:  include(): Failed opening '../../../inc/dbConnection.php' for inclusion (include_path='.:/usr/share/php:/usr/share/pear') in /home/ubuntu/workspace/cst336/labs/lab6/api/getSearchResults.php on line 3
[23-Mar-2019 21:10:01 UTC] PHP Stack trace:
[23-Mar-2019 21:10:01 UTC] PHP   1. {main}() /home/ubuntu/workspace/cst336/labs/lab6/api/getSearchResults.php:0
[23-Mar-2019 21:10:01 UTC] PHP Fatal error:  Call to undefined function getDatabaseConnection() in /home/ubuntu/workspace/cst336/labs/lab6/api/getSearchResults.php on line 5
[23-Mar-2019 21:10:01 UTC] PHP Stack trace:
[23-Mar-2019 21:10:01 UTC] PHP   1. {main}() /home/ubuntu/workspace/cst336/labs/lab6/api/getSearchResults.php:0
[23-Mar-2019 21:11:22 UTC] PHP Warning:  include(../../../inc/dbConnection.php): failed to open stream: No such file or directory in /home/ubuntu/workspace/cst336/labs/lab6/api/getSearchResults.php on line 3
[23-Mar-2019 21:11:22 UTC] PHP Stack trace:
[23-Mar-2019 21:11:22 UTC] PHP   1. {main}() /home/ubuntu/workspace/cst336/labs/lab6/api/getSearchResults.php:0
[23-Mar-2019 21:11:22 UTC] PHP Warning:  include(): Failed opening '../../../inc/dbConnection.php' for inclusion (include_path='.:/usr/share/php:/usr/share/pear') in /home/ubuntu/workspace/cst336/labs/lab6/api/getSearchResults.php on line 3
[23-Mar-2019 21:11:22 UTC] PHP Stack trace:
[23-Mar-2019 21:11:22 UTC] PHP   1. {main}() /home/ubuntu/workspace/cst336/labs/lab6/api/getSearchResults.php:0
[23-Mar-2019 21:11:22 UTC] PHP Fatal error:  Call to undefined function getDatabaseConnection() in /home/ubuntu/workspace/cst336/labs/lab6/api/getSearchResults.php on line 5
[23-Mar-2019 21:11:22 UTC] PHP Stack trace:
[23-Mar-2019 21:11:22 UTC] PHP   1. {main}() /home/ubuntu/workspace/cst336/labs/lab6/api/getSearchResults.php:0
[23-Mar-2019 21:11:22 UTC] PHP Warning:  include(../../../inc/dbConnection.php): failed to open stream: No such file or directory in /home/ubuntu/workspace/cst336/labs/lab6/api/getSearchResults.php on line 3
[23-Mar-2019 21:11:22 UTC] PHP Stack trace:
[23-Mar-2019 21:11:22 UTC] PHP   1. {main}() /home/ubuntu/workspace/cst336/labs/lab6/api/getSearchResults.php:0
[23-Mar-2019 21:11:22 UTC] PHP Warning:  include(): Failed opening '../../../inc/dbConnection.php' for inclusion (include_path='.:/usr/share/php:/usr/share/pear') in /home/ubuntu/workspace/cst336/labs/lab6/api/getSearchResults.php on line 3
[23-Mar-2019 21:11:22 UTC] PHP Stack trace:
[23-Mar-2019 21:11:22 UTC] PHP   1. {main}() /home/ubuntu/workspace/cst336/labs/lab6/api/getSearchResults.php:0
[23-Mar-2019 21:11:22 UTC] PHP Fatal error:  Call to undefined function getDatabaseConnection() in /home/ubuntu/workspace/cst336/labs/lab6/api/getSearchResults.php on line 5
[23-Mar-2019 21:11:22 UTC] PHP Stack trace:
[23-Mar-2019 21:11:22 UTC] PHP   1. {main}() /home/ubuntu/workspace/cst336/labs/lab6/api/getSearchResults.php:0
[23-Mar-2019 21:11:23 UTC] PHP Warning:  include(../../../inc/dbConnection.php): failed to open stream: No such file or directory in /home/ubuntu/workspace/cst336/labs/lab6/api/getSearchResults.php on line 3
[23-Mar-2019 21:11:23 UTC] PHP Stack trace:
[23-Mar-2019 21:11:23 UTC] PHP   1. {main}() /home/ubuntu/workspace/cst336/labs/lab6/api/getSearchResults.php:0
[23-Mar-2019 21:11:23 UTC] PHP Warning:  include(): Failed opening '../../../inc/dbConnection.php' for inclusion (include_path='.:/usr/share/php:/usr/share/pear') in /home/ubuntu/workspace/cst336/labs/lab6/api/getSearchResults.php on line 3
[23-Mar-2019 21:11:23 UTC] PHP Stack trace:
[23-Mar-2019 21:11:23 UTC] PHP   1. {main}() /home/ubuntu/workspace/cst336/labs/lab6/api/getSearchResults.php:0
[23-Mar-2019 21:11:23 UTC] PHP Fatal error:  Call to undefined function getDatabaseConnection() in /home/ubuntu/workspace/cst336/labs/lab6/api/getSearchResults.php on line 5
[23-Mar-2019 21:11:23 UTC] PHP Stack trace:
[23-Mar-2019 21:11:23 UTC] PHP   1. {main}() /home/ubuntu/workspace/cst336/labs/lab6/api/getSearchResults.php:0
[23-Mar-2019 21:11:23 UTC] PHP Warning:  include(../../../inc/dbConnection.php): failed to open stream: No such file or directory in /home/ubuntu/workspace/cst336/labs/lab6/api/getSearchResults.php on line 3
[23-Mar-2019 21:11:23 UTC] PHP Stack trace:
[23-Mar-2019 21:11:23 UTC] PHP   1. {main}() /home/ubuntu/workspace/cst336/labs/lab6/api/getSearchResults.php:0
[23-Mar-2019 21:11:23 UTC] PHP Warning:  include(): Failed opening '../../../inc/dbConnection.php' for inclusion (include_path='.:/usr/share/php:/usr/share/pear') in /home/ubuntu/workspace/cst336/labs/lab6/api/getSearchResults.php on line 3
[23-Mar-2019 21:11:23 UTC] PHP Stack trace:
[23-Mar-2019 21:11:23 UTC] PHP   1. {main}() /home/ubuntu/workspace/cst336/labs/lab6/api/getSearchResults.php:0
[23-Mar-2019 21:11:23 UTC] PHP Fatal error:  Call to undefined function getDatabaseConnection() in /home/ubuntu/workspace/cst336/labs/lab6/api/getSearchResults.php on line 5
[23-Mar-2019 21:11:23 UTC] PHP Stack trace:
[23-Mar-2019 21:11:23 UTC] PHP   1. {main}() /home/ubuntu/workspace/cst336/labs/lab6/api/getSearchResults.php:0
[23-Mar-2019 21:11:23 UTC] PHP Warning:  include(../../../inc/dbConnection.php): failed to open stream: No such file or directory in /home/ubuntu/workspace/cst336/labs/lab6/api/getSearchResults.php on line 3
[23-Mar-2019 21:11:23 UTC] PHP Stack trace:
[23-Mar-2019 21:11:23 UTC] PHP   1. {main}() /home/ubuntu/workspace/cst336/labs/lab6/api/getSearchResults.php:0
[23-Mar-2019 21:11:23 UTC] PHP Warning:  include(): Failed opening '../../../inc/dbConnection.php' for inclusion (include_path='.:/usr/share/php:/usr/share/pear') in /home/ubuntu/workspace/cst336/labs/lab6/api/getSearchResults.php on line 3
[23-Mar-2019 21:11:23 UTC] PHP Stack trace:
[23-Mar-2019 21:11:23 UTC] PHP   1. {main}() /home/ubuntu/workspace/cst336/labs/lab6/api/getSearchResults.php:0
[23-Mar-2019 21:11:23 UTC] PHP Fatal error:  Call to undefined function getDatabaseConnection() in /home/ubuntu/workspace/cst336/labs/lab6/api/getSearchResults.php on line 5
[23-Mar-2019 21:11:23 UTC] PHP Stack trace:
[23-Mar-2019 21:11:23 UTC] PHP   1. {main}() /home/ubuntu/workspace/cst336/labs/lab6/api/getSearchResults.php:0
[23-Mar-2019 21:11:23 UTC] PHP Warning:  include(../../../inc/dbConnection.php): failed to open stream: No such file or directory in /home/ubuntu/workspace/cst336/labs/lab6/api/getSearchResults.php on line 3
[23-Mar-2019 21:11:23 UTC] PHP Stack trace:
[23-Mar-2019 21:11:23 UTC] PHP   1. {main}() /home/ubuntu/workspace/cst336/labs/lab6/api/getSearchResults.php:0
[23-Mar-2019 21:11:23 UTC] PHP Warning:  include(): Failed opening '../../../inc/dbConnection.php' for inclusion (include_path='.:/usr/share/php:/usr/share/pear') in /home/ubuntu/workspace/cst336/labs/lab6/api/getSearchResults.php on line 3
[23-Mar-2019 21:11:23 UTC] PHP Stack trace:
[23-Mar-2019 21:11:23 UTC] PHP   1. {main}() /home/ubuntu/workspace/cst336/labs/lab6/api/getSearchResults.php:0
[23-Mar-2019 21:11:23 UTC] PHP Fatal error:  Call to undefined function getDatabaseConnection() in /home/ubuntu/workspace/cst336/labs/lab6/api/getSearchResults.php on line 5
[23-Mar-2019 21:11:23 UTC] PHP Stack trace:
[23-Mar-2019 21:11:23 UTC] PHP   1. {main}() /home/ubuntu/workspace/cst336/labs/lab6/api/getSearchResults.php:0
[23-Mar-2019 21:11:23 UTC] PHP Warning:  include(../../../inc/dbConnection.php): failed to open stream: No such file or directory in /home/ubuntu/workspace/cst336/labs/lab6/api/getSearchResults.php on line 3
[23-Mar-2019 21:11:23 UTC] PHP Stack trace:
[23-Mar-2019 21:11:23 UTC] PHP   1. {main}() /home/ubuntu/workspace/cst336/labs/lab6/api/getSearchResults.php:0
[23-Mar-2019 21:11:23 UTC] PHP Warning:  include(): Failed opening '../../../inc/dbConnection.php' for inclusion (include_path='.:/usr/share/php:/usr/share/pear') in /home/ubuntu/workspace/cst336/labs/lab6/api/getSearchResults.php on line 3
[23-Mar-2019 21:11:23 UTC] PHP Stack trace:
[23-Mar-2019 21:11:23 UTC] PHP   1. {main}() /home/ubuntu/workspace/cst336/labs/lab6/api/getSearchResults.php:0
[23-Mar-2019 21:11:23 UTC] PHP Fatal error:  Call to undefined function getDatabaseConnection() in /home/ubuntu/workspace/cst336/labs/lab6/api/getSearchResults.php on line 5
[23-Mar-2019 21:11:23 UTC] PHP Stack trace:
[23-Mar-2019 21:11:23 UTC] PHP   1. {main}() /home/ubuntu/workspace/cst336/labs/lab6/api/getSearchResults.php:0
[23-Mar-2019 21:11:55 UTC] PHP Warning:  include(../../../inc/dbConnection.php): failed to open stream: No such file or directory in /home/ubuntu/workspace/cst336/labs/lab6/api/getSearchResults.php on line 3
[23-Mar-2019 21:11:55 UTC] PHP Stack trace:
[23-Mar-2019 21:11:55 UTC] PHP   1. {main}() /home/ubuntu/workspace/cst336/labs/lab6/api/getSearchResults.php:0
[23-Mar-2019 21:11:55 UTC] PHP Warning:  include(): Failed opening '../../../inc/dbConnection.php' for inclusion (include_path='.:/usr/share/php:/usr/share/pear') in /home/ubuntu/workspace/cst336/labs/lab6/api/getSearchResults.php on line 3
[23-Mar-2019 21:11:55 UTC] PHP Stack trace:
[23-Mar-2019 21:11:55 UTC] PHP   1. {main}() /home/ubuntu/workspace/cst336/labs/lab6/api/getSearchResults.php:0
[23-Mar-2019 21:11:55 UTC] PHP Fatal error:  Call to undefined function getDatabaseConnection() in /home/ubuntu/workspace/cst336/labs/lab6/api/getSearchResults.php on line 5
[23-Mar-2019 21:11:55 UTC] PHP Stack trace:
[23-Mar-2019 21:11:55 UTC] PHP   1. {main}() /home/ubuntu/workspace/cst336/labs/lab6/api/getSearchResults.php:0
[24-Mar-2019 03:23:30 UTC] PHP Fatal error:  Uncaught exception 'PDOException' with message 'SQLSTATE[42S22]: Column not found: 1054 Unknown column 'price' in 'where clause'' in /home/ubuntu/workspace/cst336/labs/lab6/api/getSearchResults.php:30
Stack trace:
#0 /home/ubuntu/workspace/cst336/labs/lab6/api/getSearchResults.php(30): PDOStatement->execute(Array)
#1 {main}
  thrown in /home/ubuntu/workspace/cst336/labs/lab6/api/getSearchResults.php on line 30
[24-Mar-2019 03:23:35 UTC] PHP Fatal error:  Uncaught exception 'PDOException' with message 'SQLSTATE[42S22]: Column not found: 1054 Unknown column 'price' in 'where clause'' in /home/ubuntu/workspace/cst336/labs/lab6/api/getSearchResults.php:30
Stack trace:
#0 /home/ubuntu/workspace/cst336/labs/lab6/api/getSearchResults.php(30): PDOStatement->execute(Array)
#1 {main}
  thrown in /home/ubuntu/workspace/cst336/labs/lab6/api/getSearchResults.php on line 30
[24-Mar-2019 03:23:43 UTC] PHP Fatal error:  Uncaught exception 'PDOException' with message 'SQLSTATE[42S22]: Column not found: 1054 Unknown column 'price' in 'where clause'' in /home/ubuntu/workspace/cst336/labs/lab6/api/getSearchResults.php:30
Stack trace:
#0 /home/ubuntu/workspace/cst336/labs/lab6/api/getSearchResults.php(30): PDOStatement->execute(Array)
#1 {main}
  thrown in /home/ubuntu/workspace/cst336/labs/lab6/api/getSearchResults.php on line 30
[24-Mar-2019 03:25:53 UTC] PHP Fatal error:  Uncaught exception 'PDOException' with message 'SQLSTATE[42S22]: Column not found: 1054 Unknown column 'price' in 'where clause'' in /home/ubuntu/workspace/cst336/labs/lab6/api/getSearchResults.php:30
Stack trace:
#0 /home/ubuntu/workspace/cst336/labs/lab6/api/getSearchResults.php(30): PDOStatement->execute(Array)
#1 {main}
  thrown in /home/ubuntu/workspace/cst336/labs/lab6/api/getSearchResults.php on line 30
