[17-Apr-2019 00:16:39 UTC] PHP Warning:  shuffle() expects parameter 1 to be array, null given in /home/ubuntu/workspace/cst336/labs/lab8/api/pixabayProxy.php on line 37
[17-Apr-2019 00:16:39 UTC] PHP Stack trace:
[17-Apr-2019 00:16:39 UTC] PHP   1. {main}() /home/ubuntu/workspace/cst336/labs/lab8/api/pixabayProxy.php:0
[17-Apr-2019 00:16:39 UTC] PHP   2. shuffle() /home/ubuntu/workspace/cst336/labs/lab8/api/pixabayProxy.php:37
[19-Apr-2019 00:19:45 UTC] PHP Fatal error:  Uncaught exception 'PDOException' with message 'SQLSTATE[42000]: Syntax error or access violation: 1064 You have an error in your SQL syntax; check the manual that corresponds to your MySQL server version for the right syntax to use near '://www.armytimes.com/resizer/H7zt4YkE48sKnO5tFEALaDoaAJo=/1200x0/filters:quality' at line 2' in /home/ubuntu/workspace/cst336/labs/lab8/api/favoritesAPI.php:26
Stack trace:
#0 /home/ubuntu/workspace/cst336/labs/lab8/api/favoritesAPI.php(26): PDOStatement->execute(NULL)
#1 {main}
  thrown in /home/ubuntu/workspace/cst336/labs/lab8/api/favoritesAPI.php on line 26
[19-Apr-2019 00:20:17 UTC] PHP Fatal error:  Uncaught exception 'PDOException' with message 'SQLSTATE[42000]: Syntax error or access violation: 1064 You have an error in your SQL syntax; check the manual that corresponds to your MySQL server version for the right syntax to use near '://www.armytimes.com/resizer/H7zt4YkE48sKnO5tFEALaDoaAJo=/1200x0/filters:quality' at line 2' in /home/ubuntu/workspace/cst336/labs/lab8/api/favoritesAPI.php:26
Stack trace:
#0 /home/ubuntu/workspace/cst336/labs/lab8/api/favoritesAPI.php(26): PDOStatement->execute(NULL)
#1 {main}
  thrown in /home/ubuntu/workspace/cst336/labs/lab8/api/favoritesAPI.php on line 26
[19-Apr-2019 00:31:12 UTC] PHP Fatal error:  Uncaught exception 'PDOException' with message 'SQLSTATE[HY093]: Invalid parameter number: number of bound variables does not match number of tokens' in /home/ubuntu/workspace/cst336/labs/lab8/api/favoritesAPI.php:34
Stack trace:
#0 /home/ubuntu/workspace/cst336/labs/lab8/api/favoritesAPI.php(34): PDOStatement->execute(Array)
#1 {main}
  thrown in /home/ubuntu/workspace/cst336/labs/lab8/api/favoritesAPI.php on line 34
[19-Apr-2019 00:32:18 UTC] PHP Fatal error:  Uncaught exception 'PDOException' with message 'SQLSTATE[HY093]: Invalid parameter number: number of bound variables does not match number of tokens' in /home/ubuntu/workspace/cst336/labs/lab8/api/favoritesAPI.php:34
Stack trace:
#0 /home/ubuntu/workspace/cst336/labs/lab8/api/favoritesAPI.php(34): PDOStatement->execute(Array)
#1 {main}
  thrown in /home/ubuntu/workspace/cst336/labs/lab8/api/favoritesAPI.php on line 34
[19-Apr-2019 00:32:56 UTC] PHP Parse error:  syntax error, unexpected '[' in /home/ubuntu/workspace/cst336/labs/lab8/api/favoritesAPI.php on line 31
[19-Apr-2019 00:33:33 UTC] PHP Fatal error:  Uncaught exception 'PDOException' with message 'SQLSTATE[HY093]: Invalid parameter number: number of bound variables does not match number of tokens' in /home/ubuntu/workspace/cst336/labs/lab8/api/favoritesAPI.php:34
Stack trace:
#0 /home/ubuntu/workspace/cst336/labs/lab8/api/favoritesAPI.php(34): PDOStatement->execute(Array)
#1 {main}
  thrown in /home/ubuntu/workspace/cst336/labs/lab8/api/favoritesAPI.php on line 34
[19-Apr-2019 00:34:44 UTC] PHP Fatal error:  Uncaught exception 'PDOException' with message 'SQLSTATE[42000]: Syntax error or access violation: 1064 You have an error in your SQL syntax; check the manual that corresponds to your MySQL server version for the right syntax to use near '://www.armytimes.com/resizer/H7zt4YkE48sKnO5tFEALaDoaAJo=/1200x0/filters:quality' at line 1' in /home/ubuntu/workspace/cst336/labs/lab8/api/favoritesAPI.php:34
Stack trace:
#0 /home/ubuntu/workspace/cst336/labs/lab8/api/favoritesAPI.php(34): PDOStatement->execute(Array)
#1 {main}
  thrown in /home/ubuntu/workspace/cst336/labs/lab8/api/favoritesAPI.php on line 34
[19-Apr-2019 00:36:09 UTC] PHP Fatal error:  Uncaught exception 'PDOException' with message 'SQLSTATE[42000]: Syntax error or access violation: 1064 You have an error in your SQL syntax; check the manual that corresponds to your MySQL server version for the right syntax to use near '://www.armytimes.com/resizer/H7zt4YkE48sKnO5tFEALaDoaAJo=/1200x0/filters:quality' at line 1' in /home/ubuntu/workspace/cst336/labs/lab8/api/favoritesAPI.php:34
Stack trace:
#0 /home/ubuntu/workspace/cst336/labs/lab8/api/favoritesAPI.php(34): PDOStatement->execute(Array)
#1 {main}
  thrown in /home/ubuntu/workspace/cst336/labs/lab8/api/favoritesAPI.php on line 34
[19-Apr-2019 00:37:15 UTC] PHP Fatal error:  Uncaught exception 'PDOException' with message 'SQLSTATE[42000]: Syntax error or access violation: 1064 You have an error in your SQL syntax; check the manual that corresponds to your MySQL server version for the right syntax to use near '://www.armytimes.com/resizer/H7zt4YkE48sKnO5tFEALaDoaAJo=/1200x0/filters:quality' at line 1' in /home/ubuntu/workspace/cst336/labs/lab8/api/favoritesAPI.php:36
Stack trace:
#0 /home/ubuntu/workspace/cst336/labs/lab8/api/favoritesAPI.php(36): PDOStatement->execute(Array)
#1 {main}
  thrown in /home/ubuntu/workspace/cst336/labs/lab8/api/favoritesAPI.php on line 36
[19-Apr-2019 00:38:16 UTC] PHP Fatal error:  Uncaught exception 'PDOException' with message 'SQLSTATE[42000]: Syntax error or access violation: 1064 You have an error in your SQL syntax; check the manual that corresponds to your MySQL server version for the right syntax to use near '://www.armytimes.com/resizer/H7zt4YkE48sKnO5tFEALaDoaAJo=/1200x0/filters:quality' at line 1' in /home/ubuntu/workspace/cst336/labs/lab8/api/favoritesAPI.php:36
Stack trace:
#0 /home/ubuntu/workspace/cst336/labs/lab8/api/favoritesAPI.php(36): PDOStatement->execute(Array)
#1 {main}
  thrown in /home/ubuntu/workspace/cst336/labs/lab8/api/favoritesAPI.php on line 36
[19-Apr-2019 00:39:18 UTC] PHP Fatal error:  Uncaught exception 'PDOException' with message 'SQLSTATE[42000]: Syntax error or access violation: 1064 You have an error in your SQL syntax; check the manual that corresponds to your MySQL server version for the right syntax to use near '://www.armytimes.com/resizer/H7zt4YkE48sKnO5tFEALaDoaAJo=/1200x0/filters:quality' at line 1' in /home/ubuntu/workspace/cst336/labs/lab8/api/favoritesAPI.php:36
Stack trace:
#0 /home/ubuntu/workspace/cst336/labs/lab8/api/favoritesAPI.php(36): PDOStatement->execute(Array)
#1 {main}
  thrown in /home/ubuntu/workspace/cst336/labs/lab8/api/favoritesAPI.php on line 36
[19-Apr-2019 00:39:19 UTC] PHP Fatal error:  Uncaught exception 'PDOException' with message 'SQLSTATE[42000]: Syntax error or access violation: 1064 You have an error in your SQL syntax; check the manual that corresponds to your MySQL server version for the right syntax to use near '://www.armytimes.com/resizer/H7zt4YkE48sKnO5tFEALaDoaAJo=/1200x0/filters:quality' at line 1' in /home/ubuntu/workspace/cst336/labs/lab8/api/favoritesAPI.php:36
Stack trace:
#0 /home/ubuntu/workspace/cst336/labs/lab8/api/favoritesAPI.php(36): PDOStatement->execute(Array)
#1 {main}
  thrown in /home/ubuntu/workspace/cst336/labs/lab8/api/favoritesAPI.php on line 36
[19-Apr-2019 00:39:29 UTC] PHP Fatal error:  Uncaught exception 'PDOException' with message 'SQLSTATE[42000]: Syntax error or access violation: 1064 You have an error in your SQL syntax; check the manual that corresponds to your MySQL server version for the right syntax to use near '://www.armytimes.com/resizer/H7zt4YkE48sKnO5tFEALaDoaAJo=/1200x0/filters:quality' at line 1' in /home/ubuntu/workspace/cst336/labs/lab8/api/favoritesAPI.php:36
Stack trace:
#0 /home/ubuntu/workspace/cst336/labs/lab8/api/favoritesAPI.php(36): PDOStatement->execute(Array)
#1 {main}
  thrown in /home/ubuntu/workspace/cst336/labs/lab8/api/favoritesAPI.php on line 36
[19-Apr-2019 00:40:02 UTC] PHP Fatal error:  Uncaught exception 'PDOException' with message 'SQLSTATE[HY093]: Invalid parameter number: number of bound variables does not match number of tokens' in /home/ubuntu/workspace/cst336/labs/lab8/api/favoritesAPI.php:36
Stack trace:
#0 /home/ubuntu/workspace/cst336/labs/lab8/api/favoritesAPI.php(36): PDOStatement->execute(Array)
#1 {main}
  thrown in /home/ubuntu/workspace/cst336/labs/lab8/api/favoritesAPI.php on line 36
[19-Apr-2019 00:40:34 UTC] PHP Fatal error:  Uncaught exception 'PDOException' with message 'SQLSTATE[HY093]: Invalid parameter number: number of bound variables does not match number of tokens' in /home/ubuntu/workspace/cst336/labs/lab8/api/favoritesAPI.php:36
Stack trace:
#0 /home/ubuntu/workspace/cst336/labs/lab8/api/favoritesAPI.php(36): PDOStatement->execute(Array)
#1 {main}
  thrown in /home/ubuntu/workspace/cst336/labs/lab8/api/favoritesAPI.php on line 36
[19-Apr-2019 00:42:30 UTC] PHP Fatal error:  Uncaught exception 'PDOException' with message 'SQLSTATE[HY093]: Invalid parameter number: number of bound variables does not match number of tokens' in /home/ubuntu/workspace/cst336/labs/lab8/api/favoritesAPI.php:36
Stack trace:
#0 /home/ubuntu/workspace/cst336/labs/lab8/api/favoritesAPI.php(36): PDOStatement->execute(Array)
#1 {main}
  thrown in /home/ubuntu/workspace/cst336/labs/lab8/api/favoritesAPI.php on line 36
