[08-Apr-2019 19:20:52 UTC] PHP Warning:  include(../../../dbConnection.php): failed to open stream: No such file or directory in /home/ubuntu/workspace/cst336/practice/p7/api/get_word_api.php on line 5
[08-Apr-2019 19:20:52 UTC] PHP Stack trace:
[08-Apr-2019 19:20:52 UTC] PHP   1. {main}() /home/ubuntu/workspace/cst336/practice/p7/api/get_word_api.php:0
[08-Apr-2019 19:20:52 UTC] PHP Warning:  include(): Failed opening '../../../dbConnection.php' for inclusion (include_path='.:/usr/share/php:/usr/share/pear') in /home/ubuntu/workspace/cst336/practice/p7/api/get_word_api.php on line 5
[08-Apr-2019 19:20:52 UTC] PHP Stack trace:
[08-Apr-2019 19:20:52 UTC] PHP   1. {main}() /home/ubuntu/workspace/cst336/practice/p7/api/get_word_api.php:0
[08-Apr-2019 19:20:52 UTC] PHP Fatal error:  Call to undefined function getDatabaseConnection() in /home/ubuntu/workspace/cst336/practice/p7/api/get_word_api.php on line 6
[08-Apr-2019 19:20:52 UTC] PHP Stack trace:
[08-Apr-2019 19:20:52 UTC] PHP   1. {main}() /home/ubuntu/workspace/cst336/practice/p7/api/get_word_api.php:0
[08-Apr-2019 19:21:32 UTC] PHP Warning:  include(../../../dbConnection.php): failed to open stream: No such file or directory in /home/ubuntu/workspace/cst336/practice/p7/api/get_word_api.php on line 5
[08-Apr-2019 19:21:32 UTC] PHP Stack trace:
[08-Apr-2019 19:21:32 UTC] PHP   1. {main}() /home/ubuntu/workspace/cst336/practice/p7/api/get_word_api.php:0
[08-Apr-2019 19:21:32 UTC] PHP Warning:  include(): Failed opening '../../../dbConnection.php' for inclusion (include_path='.:/usr/share/php:/usr/share/pear') in /home/ubuntu/workspace/cst336/practice/p7/api/get_word_api.php on line 5
[08-Apr-2019 19:21:32 UTC] PHP Stack trace:
[08-Apr-2019 19:21:32 UTC] PHP   1. {main}() /home/ubuntu/workspace/cst336/practice/p7/api/get_word_api.php:0
[08-Apr-2019 19:21:32 UTC] PHP Fatal error:  Call to undefined function getDatabaseConnection() in /home/ubuntu/workspace/cst336/practice/p7/api/get_word_api.php on line 6
[08-Apr-2019 19:21:32 UTC] PHP Stack trace:
[08-Apr-2019 19:21:32 UTC] PHP   1. {main}() /home/ubuntu/workspace/cst336/practice/p7/api/get_word_api.php:0
[08-Apr-2019 19:21:37 UTC] PHP Warning:  include(../../dbConnection.php): failed to open stream: No such file or directory in /home/ubuntu/workspace/cst336/practice/p7/api/get_word_api.php on line 5
[08-Apr-2019 19:21:37 UTC] PHP Stack trace:
[08-Apr-2019 19:21:37 UTC] PHP   1. {main}() /home/ubuntu/workspace/cst336/practice/p7/api/get_word_api.php:0
[08-Apr-2019 19:21:37 UTC] PHP Warning:  include(): Failed opening '../../dbConnection.php' for inclusion (include_path='.:/usr/share/php:/usr/share/pear') in /home/ubuntu/workspace/cst336/practice/p7/api/get_word_api.php on line 5
[08-Apr-2019 19:21:37 UTC] PHP Stack trace:
[08-Apr-2019 19:21:37 UTC] PHP   1. {main}() /home/ubuntu/workspace/cst336/practice/p7/api/get_word_api.php:0
[08-Apr-2019 19:21:37 UTC] PHP Fatal error:  Call to undefined function getDatabaseConnection() in /home/ubuntu/workspace/cst336/practice/p7/api/get_word_api.php on line 6
[08-Apr-2019 19:21:37 UTC] PHP Stack trace:
[08-Apr-2019 19:21:37 UTC] PHP   1. {main}() /home/ubuntu/workspace/cst336/practice/p7/api/get_word_api.php:0
[08-Apr-2019 19:22:37 UTC] PHP Warning:  include(dbConnection.php): failed to open stream: No such file or directory in /home/ubuntu/workspace/cst336/practice/p7/api/check_word.php on line 4
[08-Apr-2019 19:22:37 UTC] PHP Stack trace:
[08-Apr-2019 19:22:37 UTC] PHP   1. {main}() /home/ubuntu/workspace/cst336/practice/p7/api/check_word.php:0
[08-Apr-2019 19:22:37 UTC] PHP Warning:  include(): Failed opening 'dbConnection.php' for inclusion (include_path='.:/usr/share/php:/usr/share/pear') in /home/ubuntu/workspace/cst336/practice/p7/api/check_word.php on line 4
[08-Apr-2019 19:22:37 UTC] PHP Stack trace:
[08-Apr-2019 19:22:37 UTC] PHP   1. {main}() /home/ubuntu/workspace/cst336/practice/p7/api/check_word.php:0
[08-Apr-2019 19:25:26 UTC] PHP Warning:  include(dbConnection.php): failed to open stream: No such file or directory in /home/ubuntu/workspace/cst336/practice/p7/api/check_word.php on line 4
[08-Apr-2019 19:25:26 UTC] PHP Stack trace:
[08-Apr-2019 19:25:26 UTC] PHP   1. {main}() /home/ubuntu/workspace/cst336/practice/p7/api/check_word.php:0
[08-Apr-2019 19:25:26 UTC] PHP Warning:  include(): Failed opening 'dbConnection.php' for inclusion (include_path='.:/usr/share/php:/usr/share/pear') in /home/ubuntu/workspace/cst336/practice/p7/api/check_word.php on line 4
[08-Apr-2019 19:25:26 UTC] PHP Stack trace:
[08-Apr-2019 19:25:26 UTC] PHP   1. {main}() /home/ubuntu/workspace/cst336/practice/p7/api/check_word.php:0
[08-Apr-2019 19:36:37 UTC] PHP Warning:  include(dbConnection.php): failed to open stream: No such file or directory in /home/ubuntu/workspace/cst336/practice/p7/api/check_word.php on line 4
[08-Apr-2019 19:36:37 UTC] PHP Stack trace:
[08-Apr-2019 19:36:37 UTC] PHP   1. {main}() /home/ubuntu/workspace/cst336/practice/p7/api/check_word.php:0
[08-Apr-2019 19:36:37 UTC] PHP Warning:  include(): Failed opening 'dbConnection.php' for inclusion (include_path='.:/usr/share/php:/usr/share/pear') in /home/ubuntu/workspace/cst336/practice/p7/api/check_word.php on line 4
[08-Apr-2019 19:36:37 UTC] PHP Stack trace:
[08-Apr-2019 19:36:37 UTC] PHP   1. {main}() /home/ubuntu/workspace/cst336/practice/p7/api/check_word.php:0
[08-Apr-2019 19:37:00 UTC] PHP Warning:  include(dbConnection.php): failed to open stream: No such file or directory in /home/ubuntu/workspace/cst336/practice/p7/api/check_word.php on line 4
[08-Apr-2019 19:37:00 UTC] PHP Stack trace:
[08-Apr-2019 19:37:00 UTC] PHP   1. {main}() /home/ubuntu/workspace/cst336/practice/p7/api/check_word.php:0
[08-Apr-2019 19:37:00 UTC] PHP Warning:  include(): Failed opening 'dbConnection.php' for inclusion (include_path='.:/usr/share/php:/usr/share/pear') in /home/ubuntu/workspace/cst336/practice/p7/api/check_word.php on line 4
[08-Apr-2019 19:37:00 UTC] PHP Stack trace:
[08-Apr-2019 19:37:00 UTC] PHP   1. {main}() /home/ubuntu/workspace/cst336/practice/p7/api/check_word.php:0
[08-Apr-2019 19:45:36 UTC] PHP Fatal error:  Call to a member function prepare() on a non-object in /home/ubuntu/workspace/cst336/practice/p7/api/check_word.php on line 10
[08-Apr-2019 19:45:36 UTC] PHP Stack trace:
[08-Apr-2019 19:45:36 UTC] PHP   1. {main}() /home/ubuntu/workspace/cst336/practice/p7/api/check_word.php:0
[08-Apr-2019 19:45:55 UTC] PHP Fatal error:  Call to a member function prepare() on a non-object in /home/ubuntu/workspace/cst336/practice/p7/api/check_word.php on line 10
[08-Apr-2019 19:45:55 UTC] PHP Stack trace:
[08-Apr-2019 19:45:55 UTC] PHP   1. {main}() /home/ubuntu/workspace/cst336/practice/p7/api/check_word.php:0
[08-Apr-2019 19:46:44 UTC] PHP Fatal error:  Uncaught exception 'PDOException' with message 'SQLSTATE[42000]: Syntax error or access violation: 1064 You have an error in your SQL syntax; check the manual that corresponds to your MySQL server version for the right syntax to use near '' at line 1' in /home/ubuntu/workspace/cst336/practice/p7/api/check_word.php:12
Stack trace:
#0 /home/ubuntu/workspace/cst336/practice/p7/api/check_word.php(12): PDOStatement->execute()
#1 {main}
  thrown in /home/ubuntu/workspace/cst336/practice/p7/api/check_word.php on line 12
[08-Apr-2019 19:49:25 UTC] PHP Fatal error:  Uncaught exception 'PDOException' with message 'SQLSTATE[42000]: Syntax error or access violation: 1064 You have an error in your SQL syntax; check the manual that corresponds to your MySQL server version for the right syntax to use near '' at line 1' in /home/ubuntu/workspace/cst336/practice/p7/api/check_word.php:12
Stack trace:
#0 /home/ubuntu/workspace/cst336/practice/p7/api/check_word.php(12): PDOStatement->execute()
#1 {main}
  thrown in /home/ubuntu/workspace/cst336/practice/p7/api/check_word.php on line 12
[08-Apr-2019 19:50:35 UTC] PHP Parse error:  syntax error, unexpected end of file in /home/ubuntu/workspace/cst336/practice/p7/api/check_word.php on line 17
[08-Apr-2019 19:52:45 UTC] PHP Fatal error:  Uncaught exception 'PDOException' with message 'SQLSTATE[42000]: Syntax error or access violation: 1064 You have an error in your SQL syntax; check the manual that corresponds to your MySQL server version for the right syntax to use near '' at line 1' in /home/ubuntu/workspace/cst336/practice/p7/api/check_word.php:12
Stack trace:
#0 /home/ubuntu/workspace/cst336/practice/p7/api/check_word.php(12): PDOStatement->execute()
#1 {main}
  thrown in /home/ubuntu/workspace/cst336/practice/p7/api/check_word.php on line 12
[08-Apr-2019 19:54:56 UTC] PHP Fatal error:  Uncaught exception 'PDOException' with message 'SQLSTATE[HY093]: Invalid parameter number: no parameters were bound' in /home/ubuntu/workspace/cst336/practice/p7/api/check_word.php:12
Stack trace:
#0 /home/ubuntu/workspace/cst336/practice/p7/api/check_word.php(12): PDOStatement->execute()
#1 {main}
  thrown in /home/ubuntu/workspace/cst336/practice/p7/api/check_word.php on line 12
[08-Apr-2019 19:56:25 UTC] PHP Fatal error:  Uncaught exception 'PDOException' with message 'SQLSTATE[42000]: Syntax error or access violation: 1064 You have an error in your SQL syntax; check the manual that corresponds to your MySQL server version for the right syntax to use near '' at line 1' in /home/ubuntu/workspace/cst336/practice/p7/api/check_word.php:12
Stack trace:
#0 /home/ubuntu/workspace/cst336/practice/p7/api/check_word.php(12): PDOStatement->execute()
#1 {main}
  thrown in /home/ubuntu/workspace/cst336/practice/p7/api/check_word.php on line 12
[08-Apr-2019 19:58:05 UTC] PHP Fatal error:  Uncaught exception 'PDOException' with message 'SQLSTATE[42000]: Syntax error or access violation: 1064 You have an error in your SQL syntax; check the manual that corresponds to your MySQL server version for the right syntax to use near '' at line 1' in /home/ubuntu/workspace/cst336/practice/p7/api/check_word.php:12
Stack trace:
#0 /home/ubuntu/workspace/cst336/practice/p7/api/check_word.php(12): PDOStatement->execute()
#1 {main}
  thrown in /home/ubuntu/workspace/cst336/practice/p7/api/check_word.php on line 12
[08-Apr-2019 19:59:05 UTC] PHP Fatal error:  Uncaught exception 'PDOException' with message 'SQLSTATE[42000]: Syntax error or access violation: 1064 You have an error in your SQL syntax; check the manual that corresponds to your MySQL server version for the right syntax to use near '' at line 1' in /home/ubuntu/workspace/cst336/practice/p7/api/check_word.php:12
Stack trace:
#0 /home/ubuntu/workspace/cst336/practice/p7/api/check_word.php(12): PDOStatement->execute()
#1 {main}
  thrown in /home/ubuntu/workspace/cst336/practice/p7/api/check_word.php on line 12
[08-Apr-2019 19:59:18 UTC] PHP Fatal error:  Uncaught exception 'PDOException' with message 'SQLSTATE[42000]: Syntax error or access violation: 1064 You have an error in your SQL syntax; check the manual that corresponds to your MySQL server version for the right syntax to use near '' at line 1' in /home/ubuntu/workspace/cst336/practice/p7/api/check_word.php:12
Stack trace:
#0 /home/ubuntu/workspace/cst336/practice/p7/api/check_word.php(12): PDOStatement->execute()
#1 {main}
  thrown in /home/ubuntu/workspace/cst336/practice/p7/api/check_word.php on line 12
[08-Apr-2019 20:01:56 UTC] PHP Fatal error:  Call to undefined function length() in /home/ubuntu/workspace/cst336/practice/p7/api/check_word.php on line 15
[08-Apr-2019 20:01:56 UTC] PHP Stack trace:
[08-Apr-2019 20:01:56 UTC] PHP   1. {main}() /home/ubuntu/workspace/cst336/practice/p7/api/check_word.php:0
