[26-Mar-2019 06:24:15 UTC] PHP Warning:  include(dbConnection.php): failed to open stream: No such file or directory in /home/ubuntu/workspace/cst336/hw/hw3/api/getMessages.php on line 3
[26-Mar-2019 06:24:15 UTC] PHP Stack trace:
[26-Mar-2019 06:24:15 UTC] PHP   1. {main}() /home/ubuntu/workspace/cst336/hw/hw3/api/getMessages.php:0
[26-Mar-2019 06:24:15 UTC] PHP Warning:  include(): Failed opening 'dbConnection.php' for inclusion (include_path='.:/usr/share/php:/usr/share/pear') in /home/ubuntu/workspace/cst336/hw/hw3/api/getMessages.php on line 3
[26-Mar-2019 06:24:15 UTC] PHP Stack trace:
[26-Mar-2019 06:24:15 UTC] PHP   1. {main}() /home/ubuntu/workspace/cst336/hw/hw3/api/getMessages.php:0
[26-Mar-2019 06:24:15 UTC] PHP Fatal error:  Call to undefined function getDatabaseConnection() in /home/ubuntu/workspace/cst336/hw/hw3/api/getMessages.php on line 4
[26-Mar-2019 06:24:15 UTC] PHP Stack trace:
[26-Mar-2019 06:24:15 UTC] PHP   1. {main}() /home/ubuntu/workspace/cst336/hw/hw3/api/getMessages.php:0
[26-Mar-2019 06:24:45 UTC] PHP Warning:  include(dbConnection.php): failed to open stream: No such file or directory in /home/ubuntu/workspace/cst336/hw/hw3/api/getMessages.php on line 3
[26-Mar-2019 06:24:45 UTC] PHP Stack trace:
[26-Mar-2019 06:24:45 UTC] PHP   1. {main}() /home/ubuntu/workspace/cst336/hw/hw3/api/getMessages.php:0
[26-Mar-2019 06:24:45 UTC] PHP Warning:  include(): Failed opening 'dbConnection.php' for inclusion (include_path='.:/usr/share/php:/usr/share/pear') in /home/ubuntu/workspace/cst336/hw/hw3/api/getMessages.php on line 3
[26-Mar-2019 06:24:45 UTC] PHP Stack trace:
[26-Mar-2019 06:24:45 UTC] PHP   1. {main}() /home/ubuntu/workspace/cst336/hw/hw3/api/getMessages.php:0
[26-Mar-2019 06:24:45 UTC] PHP Fatal error:  Call to undefined function getDatabaseConnection() in /home/ubuntu/workspace/cst336/hw/hw3/api/getMessages.php on line 4
[26-Mar-2019 06:24:45 UTC] PHP Stack trace:
[26-Mar-2019 06:24:45 UTC] PHP   1. {main}() /home/ubuntu/workspace/cst336/hw/hw3/api/getMessages.php:0
[26-Mar-2019 06:25:32 UTC] PHP Warning:  include(dbConnection.php): failed to open stream: No such file or directory in /home/ubuntu/workspace/cst336/hw/hw3/api/getMessages.php on line 3
[26-Mar-2019 06:25:32 UTC] PHP Stack trace:
[26-Mar-2019 06:25:32 UTC] PHP   1. {main}() /home/ubuntu/workspace/cst336/hw/hw3/api/getMessages.php:0
[26-Mar-2019 06:25:32 UTC] PHP Warning:  include(): Failed opening 'dbConnection.php' for inclusion (include_path='.:/usr/share/php:/usr/share/pear') in /home/ubuntu/workspace/cst336/hw/hw3/api/getMessages.php on line 3
[26-Mar-2019 06:25:32 UTC] PHP Stack trace:
[26-Mar-2019 06:25:32 UTC] PHP   1. {main}() /home/ubuntu/workspace/cst336/hw/hw3/api/getMessages.php:0
[26-Mar-2019 06:25:32 UTC] PHP Fatal error:  Call to undefined function getDatabaseConnection() in /home/ubuntu/workspace/cst336/hw/hw3/api/getMessages.php on line 4
[26-Mar-2019 06:25:32 UTC] PHP Stack trace:
[26-Mar-2019 06:25:32 UTC] PHP   1. {main}() /home/ubuntu/workspace/cst336/hw/hw3/api/getMessages.php:0
[26-Mar-2019 06:26:01 UTC] PHP Warning:  include(dbConnection.php): failed to open stream: No such file or directory in /home/ubuntu/workspace/cst336/hw/hw3/api/getMessages.php on line 3
[26-Mar-2019 06:26:01 UTC] PHP Stack trace:
[26-Mar-2019 06:26:01 UTC] PHP   1. {main}() /home/ubuntu/workspace/cst336/hw/hw3/api/getMessages.php:0
[26-Mar-2019 06:26:01 UTC] PHP Warning:  include(): Failed opening 'dbConnection.php' for inclusion (include_path='.:/usr/share/php:/usr/share/pear') in /home/ubuntu/workspace/cst336/hw/hw3/api/getMessages.php on line 3
[26-Mar-2019 06:26:01 UTC] PHP Stack trace:
[26-Mar-2019 06:26:01 UTC] PHP   1. {main}() /home/ubuntu/workspace/cst336/hw/hw3/api/getMessages.php:0
[26-Mar-2019 06:26:01 UTC] PHP Fatal error:  Call to undefined function getDatabaseConnection() in /home/ubuntu/workspace/cst336/hw/hw3/api/getMessages.php on line 4
[26-Mar-2019 06:26:01 UTC] PHP Stack trace:
[26-Mar-2019 06:26:01 UTC] PHP   1. {main}() /home/ubuntu/workspace/cst336/hw/hw3/api/getMessages.php:0
[26-Mar-2019 06:28:35 UTC] PHP Warning:  include(dbConnection.php): failed to open stream: No such file or directory in /home/ubuntu/workspace/cst336/hw/hw3/api/getMessages.php on line 3
[26-Mar-2019 06:28:35 UTC] PHP Stack trace:
[26-Mar-2019 06:28:35 UTC] PHP   1. {main}() /home/ubuntu/workspace/cst336/hw/hw3/api/getMessages.php:0
[26-Mar-2019 06:28:35 UTC] PHP Warning:  include(): Failed opening 'dbConnection.php' for inclusion (include_path='.:/usr/share/php:/usr/share/pear') in /home/ubuntu/workspace/cst336/hw/hw3/api/getMessages.php on line 3
[26-Mar-2019 06:28:35 UTC] PHP Stack trace:
[26-Mar-2019 06:28:35 UTC] PHP   1. {main}() /home/ubuntu/workspace/cst336/hw/hw3/api/getMessages.php:0
[26-Mar-2019 06:28:35 UTC] PHP Fatal error:  Call to undefined function getDatabaseConnection() in /home/ubuntu/workspace/cst336/hw/hw3/api/getMessages.php on line 4
[26-Mar-2019 06:28:35 UTC] PHP Stack trace:
[26-Mar-2019 06:28:35 UTC] PHP   1. {main}() /home/ubuntu/workspace/cst336/hw/hw3/api/getMessages.php:0
[26-Mar-2019 06:28:44 UTC] PHP Warning:  include(dbConnection.php): failed to open stream: No such file or directory in /home/ubuntu/workspace/cst336/hw/hw3/api/getMessages.php on line 3
[26-Mar-2019 06:28:44 UTC] PHP Stack trace:
[26-Mar-2019 06:28:44 UTC] PHP   1. {main}() /home/ubuntu/workspace/cst336/hw/hw3/api/getMessages.php:0
[26-Mar-2019 06:28:44 UTC] PHP Warning:  include(): Failed opening 'dbConnection.php' for inclusion (include_path='.:/usr/share/php:/usr/share/pear') in /home/ubuntu/workspace/cst336/hw/hw3/api/getMessages.php on line 3
[26-Mar-2019 06:28:44 UTC] PHP Stack trace:
[26-Mar-2019 06:28:44 UTC] PHP   1. {main}() /home/ubuntu/workspace/cst336/hw/hw3/api/getMessages.php:0
[26-Mar-2019 06:28:44 UTC] PHP Fatal error:  Call to undefined function getDatabaseConnection() in /home/ubuntu/workspace/cst336/hw/hw3/api/getMessages.php on line 4
[26-Mar-2019 06:28:44 UTC] PHP Stack trace:
[26-Mar-2019 06:28:44 UTC] PHP   1. {main}() /home/ubuntu/workspace/cst336/hw/hw3/api/getMessages.php:0
